<?xml version="1.0" encoding="UTF-8"?>
<testng-results ignored="0" total="1" passed="1" failed="0" skipped="0">
  <reporter-output>
    <line>
      <![CDATA[running verify userid]]>
    </line>
    <line>
      <![CDATA[logout the application]]>
    </line>
    <line>
      <![CDATA[close the app]]>
    </line>
  </reporter-output>
  <suite started-at="2022-09-09T11:39:04 IST" name="Default suite" finished-at="2022-09-09T11:39:46 IST" duration-ms="42520">
    <groups>
    </groups>
    <test started-at="2022-09-09T11:39:04 IST" name="Default test" finished-at="2022-09-09T11:39:46 IST" duration-ms="42520">
      <class name="Test.Kite_Test1">
        <test-method is-config="true" signature="openbrowser()[pri:0, instance:Test.Kite_Test1@316bcf94]" started-at="2022-09-09T11:39:04 IST" name="openbrowser" finished-at="2022-09-09T11:39:29 IST" duration-ms="25034" status="PASS">
          <reporter-output>
          </reporter-output>
        </test-method> <!-- openbrowser -->
        <test-method is-config="true" signature="Login()[pri:0, instance:Test.Kite_Test1@316bcf94]" started-at="2022-09-09T11:39:29 IST" name="Login" finished-at="2022-09-09T11:39:39 IST" duration-ms="10173" status="PASS">
          <reporter-output>
          </reporter-output>
        </test-method> <!-- Login -->
        <test-method signature="verifyuserID()[pri:0, instance:Test.Kite_Test1@316bcf94]" started-at="2022-09-09T11:39:39 IST" name="verifyuserID" finished-at="2022-09-09T11:39:45 IST" duration-ms="5582" status="PASS">
          <reporter-output>
            <line>
              <![CDATA[running verify userid]]>
            </line>
          </reporter-output>
        </test-method> <!-- verifyuserID -->
        <test-method is-config="true" signature="logOUT()[pri:0, instance:Test.Kite_Test1@316bcf94]" started-at="2022-09-09T11:39:45 IST" name="logOUT" finished-at="2022-09-09T11:39:46 IST" duration-ms="844" status="PASS">
          <reporter-output>
            <line>
              <![CDATA[logout the application]]>
            </line>
          </reporter-output>
        </test-method> <!-- logOUT -->
        <test-method is-config="true" signature="closebrowser()[pri:0, instance:Test.Kite_Test1@316bcf94]" started-at="2022-09-09T11:39:46 IST" name="closebrowser" finished-at="2022-09-09T11:39:46 IST" duration-ms="834" status="PASS">
          <reporter-output>
            <line>
              <![CDATA[close the app]]>
            </line>
          </reporter-output>
        </test-method> <!-- closebrowser -->
      </class> <!-- Test.Kite_Test1 -->
    </test> <!-- Default test -->
  </suite> <!-- Default suite -->
</testng-results>
